  [1m[36m (21.6ms)[0m  [1mCREATE TABLE "schema_migrations" ("version" character varying NOT NULL) [0m
  [1m[35m (4.2ms)[0m  CREATE UNIQUE INDEX  "unique_schema_migrations" ON "schema_migrations"  ("version")
  [1m[36mActiveRecord::SchemaMigration Load (0.3ms)[0m  [1mSELECT "schema_migrations".* FROM "schema_migrations"[0m
Migrating to CreateCreatures (20150718203900)
  [1m[35m (0.1ms)[0m  BEGIN
  [1m[36m (8.2ms)[0m  [1mCREATE TABLE "creatures" ("id" serial primary key, "name" character varying, "description" character varying, "created_at" timestamp NOT NULL, "updated_at" timestamp NOT NULL) [0m
  [1m[35mSQL (0.3ms)[0m  INSERT INTO "schema_migrations" ("version") VALUES ($1)  [["version", "20150718203900"]]
  [1m[36m (8.5ms)[0m  [1mCOMMIT[0m
  [1m[35mActiveRecord::SchemaMigration Load (0.3ms)[0m  SELECT "schema_migrations".* FROM "schema_migrations"
  [1m[36m (2.0ms)[0m  [1mSELECT t2.oid::regclass::text AS to_table, a1.attname AS column, a2.attname AS primary_key, c.conname AS name, c.confupdtype AS on_update, c.confdeltype AS on_delete
FROM pg_constraint c
JOIN pg_class t1 ON c.conrelid = t1.oid
JOIN pg_class t2 ON c.confrelid = t2.oid
JOIN pg_attribute a1 ON a1.attnum = c.conkey[1] AND a1.attrelid = t1.oid
JOIN pg_attribute a2 ON a2.attnum = c.confkey[1] AND a2.attrelid = t2.oid
JOIN pg_namespace t3 ON c.connamespace = t3.oid
WHERE c.contype = 'f'
  AND t1.relname = 'creatures'
  AND t3.nspname = ANY (current_schemas(false))
ORDER BY c.conname
[0m


Started GET "/" for 127.0.0.1 at 2015-07-19 20:31:11 -0700
  [1m[36mActiveRecord::SchemaMigration Load (1.2ms)[0m  [1mSELECT "schema_migrations".* FROM "schema_migrations"[0m
Processing by Rails::WelcomeController#index as HTML
  Rendered /home/paul/.rbenv/versions/2.2.2/lib/ruby/gems/2.2.0/gems/railties-4.2.3/lib/rails/templates/rails/welcome/index.html.erb (1.2ms)
Completed 200 OK in 38ms (Views: 26.6ms | ActiveRecord: 0.0ms)
  [1m[36mCreature Load (5.7ms)[0m  [1mSELECT "creatures".* FROM "creatures"[0m


Started GET "/" for 127.0.0.1 at 2015-07-19 22:09:25 -0700

ActionController::RoutingError (uninitialized constant WelcomeController):
  activesupport (4.2.3) lib/active_support/inflector/methods.rb:261:in `const_get'
  activesupport (4.2.3) lib/active_support/inflector/methods.rb:261:in `block in constantize'
  activesupport (4.2.3) lib/active_support/inflector/methods.rb:259:in `each'
  activesupport (4.2.3) lib/active_support/inflector/methods.rb:259:in `inject'
  activesupport (4.2.3) lib/active_support/inflector/methods.rb:259:in `constantize'
  actionpack (4.2.3) lib/action_dispatch/routing/route_set.rb:72:in `controller_reference'
  actionpack (4.2.3) lib/action_dispatch/routing/route_set.rb:62:in `controller'
  actionpack (4.2.3) lib/action_dispatch/routing/route_set.rb:41:in `serve'
  actionpack (4.2.3) lib/action_dispatch/journey/router.rb:43:in `block in serve'
  actionpack (4.2.3) lib/action_dispatch/journey/router.rb:30:in `each'
  actionpack (4.2.3) lib/action_dispatch/journey/router.rb:30:in `serve'
  actionpack (4.2.3) lib/action_dispatch/routing/route_set.rb:821:in `call'
  rack (1.6.4) lib/rack/etag.rb:24:in `call'
  rack (1.6.4) lib/rack/conditionalget.rb:25:in `call'
  rack (1.6.4) lib/rack/head.rb:13:in `call'
  actionpack (4.2.3) lib/action_dispatch/middleware/params_parser.rb:27:in `call'
  actionpack (4.2.3) lib/action_dispatch/middleware/flash.rb:260:in `call'
  rack (1.6.4) lib/rack/session/abstract/id.rb:225:in `context'
  rack (1.6.4) lib/rack/session/abstract/id.rb:220:in `call'
  actionpack (4.2.3) lib/action_dispatch/middleware/cookies.rb:560:in `call'
  activerecord (4.2.3) lib/active_record/query_cache.rb:36:in `call'
  activerecord (4.2.3) lib/active_record/connection_adapters/abstract/connection_pool.rb:653:in `call'
  activerecord (4.2.3) lib/active_record/migration.rb:377:in `call'
  actionpack (4.2.3) lib/action_dispatch/middleware/callbacks.rb:29:in `block in call'
  activesupport (4.2.3) lib/active_support/callbacks.rb:84:in `run_callbacks'
  actionpack (4.2.3) lib/action_dispatch/middleware/callbacks.rb:27:in `call'
  actionpack (4.2.3) lib/action_dispatch/middleware/reloader.rb:73:in `call'
  actionpack (4.2.3) lib/action_dispatch/middleware/remote_ip.rb:78:in `call'
  actionpack (4.2.3) lib/action_dispatch/middleware/debug_exceptions.rb:17:in `call'
  web-console (2.2.1) lib/web_console/middleware.rb:39:in `call'
  actionpack (4.2.3) lib/action_dispatch/middleware/show_exceptions.rb:30:in `call'
  railties (4.2.3) lib/rails/rack/logger.rb:38:in `call_app'
  railties (4.2.3) lib/rails/rack/logger.rb:20:in `block in call'
  activesupport (4.2.3) lib/active_support/tagged_logging.rb:68:in `block in tagged'
  activesupport (4.2.3) lib/active_support/tagged_logging.rb:26:in `tagged'
  activesupport (4.2.3) lib/active_support/tagged_logging.rb:68:in `tagged'
  railties (4.2.3) lib/rails/rack/logger.rb:20:in `call'
  actionpack (4.2.3) lib/action_dispatch/middleware/request_id.rb:21:in `call'
  rack (1.6.4) lib/rack/methodoverride.rb:22:in `call'
  rack (1.6.4) lib/rack/runtime.rb:18:in `call'
  activesupport (4.2.3) lib/active_support/cache/strategy/local_cache_middleware.rb:28:in `call'
  rack (1.6.4) lib/rack/lock.rb:17:in `call'
  actionpack (4.2.3) lib/action_dispatch/middleware/static.rb:116:in `call'
  rack (1.6.4) lib/rack/sendfile.rb:113:in `call'
  railties (4.2.3) lib/rails/engine.rb:518:in `call'
  railties (4.2.3) lib/rails/application.rb:165:in `call'
  rack (1.6.4) lib/rack/lock.rb:17:in `call'
  rack (1.6.4) lib/rack/content_length.rb:15:in `call'
  rack (1.6.4) lib/rack/handler/webrick.rb:88:in `service'
  /home/paul/.rbenv/versions/2.2.2/lib/ruby/2.2.0/webrick/httpserver.rb:138:in `service'
  /home/paul/.rbenv/versions/2.2.2/lib/ruby/2.2.0/webrick/httpserver.rb:94:in `run'
  /home/paul/.rbenv/versions/2.2.2/lib/ruby/2.2.0/webrick/server.rb:294:in `block in start_thread'


  Rendered /home/paul/.rbenv/versions/2.2.2/lib/ruby/gems/2.2.0/gems/actionpack-4.2.3/lib/action_dispatch/middleware/templates/rescues/_trace.html.erb (1.6ms)
  Rendered /home/paul/.rbenv/versions/2.2.2/lib/ruby/gems/2.2.0/gems/actionpack-4.2.3/lib/action_dispatch/middleware/templates/routes/_route.html.erb (1.0ms)
  Rendered /home/paul/.rbenv/versions/2.2.2/lib/ruby/gems/2.2.0/gems/actionpack-4.2.3/lib/action_dispatch/middleware/templates/routes/_table.html.erb (53.6ms)
  Rendered /home/paul/.rbenv/versions/2.2.2/lib/ruby/gems/2.2.0/gems/actionpack-4.2.3/lib/action_dispatch/middleware/templates/rescues/_request_and_response.html.erb (0.9ms)
  Rendered /home/paul/.rbenv/versions/2.2.2/lib/ruby/gems/2.2.0/gems/actionpack-4.2.3/lib/action_dispatch/middleware/templates/rescues/routing_error.html.erb within rescues/layout (101.1ms)
  Rendered /home/paul/.rbenv/versions/2.2.2/lib/ruby/gems/2.2.0/gems/web-console-2.2.1/lib/web_console/templates/_markup.html.erb (0.4ms)
  Rendered /home/paul/.rbenv/versions/2.2.2/lib/ruby/gems/2.2.0/gems/web-console-2.2.1/lib/web_console/templates/_inner_console_markup.html.erb within layouts/inlined_string (0.4ms)
  Rendered /home/paul/.rbenv/versions/2.2.2/lib/ruby/gems/2.2.0/gems/web-console-2.2.1/lib/web_console/templates/_prompt_box_markup.html.erb within layouts/inlined_string (0.3ms)
  Rendered /home/paul/.rbenv/versions/2.2.2/lib/ruby/gems/2.2.0/gems/web-console-2.2.1/lib/web_console/templates/style.css.erb within layouts/inlined_string (3.9ms)
  Rendered /home/paul/.rbenv/versions/2.2.2/lib/ruby/gems/2.2.0/gems/web-console-2.2.1/lib/web_console/templates/console.js.erb within layouts/javascript (37.2ms)
  Rendered /home/paul/.rbenv/versions/2.2.2/lib/ruby/gems/2.2.0/gems/web-console-2.2.1/lib/web_console/templates/main.js.erb within layouts/javascript (0.1ms)
  Rendered /home/paul/.rbenv/versions/2.2.2/lib/ruby/gems/2.2.0/gems/web-console-2.2.1/lib/web_console/templates/error_page.js.erb within layouts/javascript (0.4ms)
  Rendered /home/paul/.rbenv/versions/2.2.2/lib/ruby/gems/2.2.0/gems/web-console-2.2.1/lib/web_console/templates/index.html.erb (71.2ms)


Started GET "/" for 127.0.0.1 at 2015-07-20 08:12:52 -0700

ActionController::RoutingError (uninitialized constant WelcomeController):
  activesupport (4.2.3) lib/active_support/inflector/methods.rb:261:in `const_get'
  activesupport (4.2.3) lib/active_support/inflector/methods.rb:261:in `block in constantize'
  activesupport (4.2.3) lib/active_support/inflector/methods.rb:259:in `each'
  activesupport (4.2.3) lib/active_support/inflector/methods.rb:259:in `inject'
  activesupport (4.2.3) lib/active_support/inflector/methods.rb:259:in `constantize'
  actionpack (4.2.3) lib/action_dispatch/routing/route_set.rb:72:in `controller_reference'
  actionpack (4.2.3) lib/action_dispatch/routing/route_set.rb:62:in `controller'
  actionpack (4.2.3) lib/action_dispatch/routing/route_set.rb:41:in `serve'
  actionpack (4.2.3) lib/action_dispatch/journey/router.rb:43:in `block in serve'
  actionpack (4.2.3) lib/action_dispatch/journey/router.rb:30:in `each'
  actionpack (4.2.3) lib/action_dispatch/journey/router.rb:30:in `serve'
  actionpack (4.2.3) lib/action_dispatch/routing/route_set.rb:821:in `call'
  rack (1.6.4) lib/rack/etag.rb:24:in `call'
  rack (1.6.4) lib/rack/conditionalget.rb:25:in `call'
  rack (1.6.4) lib/rack/head.rb:13:in `call'
  actionpack (4.2.3) lib/action_dispatch/middleware/params_parser.rb:27:in `call'
  actionpack (4.2.3) lib/action_dispatch/middleware/flash.rb:260:in `call'
  rack (1.6.4) lib/rack/session/abstract/id.rb:225:in `context'
  rack (1.6.4) lib/rack/session/abstract/id.rb:220:in `call'
  actionpack (4.2.3) lib/action_dispatch/middleware/cookies.rb:560:in `call'
  activerecord (4.2.3) lib/active_record/query_cache.rb:36:in `call'
  activerecord (4.2.3) lib/active_record/connection_adapters/abstract/connection_pool.rb:653:in `call'
  activerecord (4.2.3) lib/active_record/migration.rb:377:in `call'
  actionpack (4.2.3) lib/action_dispatch/middleware/callbacks.rb:29:in `block in call'
  activesupport (4.2.3) lib/active_support/callbacks.rb:84:in `run_callbacks'
  actionpack (4.2.3) lib/action_dispatch/middleware/callbacks.rb:27:in `call'
  actionpack (4.2.3) lib/action_dispatch/middleware/reloader.rb:73:in `call'
  actionpack (4.2.3) lib/action_dispatch/middleware/remote_ip.rb:78:in `call'
  actionpack (4.2.3) lib/action_dispatch/middleware/debug_exceptions.rb:17:in `call'
  web-console (2.2.1) lib/web_console/middleware.rb:39:in `call'
  actionpack (4.2.3) lib/action_dispatch/middleware/show_exceptions.rb:30:in `call'
  railties (4.2.3) lib/rails/rack/logger.rb:38:in `call_app'
  railties (4.2.3) lib/rails/rack/logger.rb:20:in `block in call'
  activesupport (4.2.3) lib/active_support/tagged_logging.rb:68:in `block in tagged'
  activesupport (4.2.3) lib/active_support/tagged_logging.rb:26:in `tagged'
  activesupport (4.2.3) lib/active_support/tagged_logging.rb:68:in `tagged'
  railties (4.2.3) lib/rails/rack/logger.rb:20:in `call'
  actionpack (4.2.3) lib/action_dispatch/middleware/request_id.rb:21:in `call'
  rack (1.6.4) lib/rack/methodoverride.rb:22:in `call'
  rack (1.6.4) lib/rack/runtime.rb:18:in `call'
  activesupport (4.2.3) lib/active_support/cache/strategy/local_cache_middleware.rb:28:in `call'
  rack (1.6.4) lib/rack/lock.rb:17:in `call'
  actionpack (4.2.3) lib/action_dispatch/middleware/static.rb:116:in `call'
  rack (1.6.4) lib/rack/sendfile.rb:113:in `call'
  railties (4.2.3) lib/rails/engine.rb:518:in `call'
  railties (4.2.3) lib/rails/application.rb:165:in `call'
  rack (1.6.4) lib/rack/lock.rb:17:in `call'
  rack (1.6.4) lib/rack/content_length.rb:15:in `call'
  rack (1.6.4) lib/rack/handler/webrick.rb:88:in `service'
  /home/paul/.rbenv/versions/2.2.2/lib/ruby/2.2.0/webrick/httpserver.rb:138:in `service'
  /home/paul/.rbenv/versions/2.2.2/lib/ruby/2.2.0/webrick/httpserver.rb:94:in `run'
  /home/paul/.rbenv/versions/2.2.2/lib/ruby/2.2.0/webrick/server.rb:294:in `block in start_thread'


  Rendered /home/paul/.rbenv/versions/2.2.2/lib/ruby/gems/2.2.0/gems/actionpack-4.2.3/lib/action_dispatch/middleware/templates/rescues/_trace.html.erb (3.6ms)
  Rendered /home/paul/.rbenv/versions/2.2.2/lib/ruby/gems/2.2.0/gems/actionpack-4.2.3/lib/action_dispatch/middleware/templates/routes/_route.html.erb (1.0ms)
  Rendered /home/paul/.rbenv/versions/2.2.2/lib/ruby/gems/2.2.0/gems/actionpack-4.2.3/lib/action_dispatch/middleware/templates/routes/_table.html.erb (1.0ms)
  Rendered /home/paul/.rbenv/versions/2.2.2/lib/ruby/gems/2.2.0/gems/actionpack-4.2.3/lib/action_dispatch/middleware/templates/rescues/_request_and_response.html.erb (1.2ms)
  Rendered /home/paul/.rbenv/versions/2.2.2/lib/ruby/gems/2.2.0/gems/actionpack-4.2.3/lib/action_dispatch/middleware/templates/rescues/routing_error.html.erb within rescues/layout (55.8ms)
  Rendered /home/paul/.rbenv/versions/2.2.2/lib/ruby/gems/2.2.0/gems/web-console-2.2.1/lib/web_console/templates/_markup.html.erb (0.4ms)
  Rendered /home/paul/.rbenv/versions/2.2.2/lib/ruby/gems/2.2.0/gems/web-console-2.2.1/lib/web_console/templates/_inner_console_markup.html.erb within layouts/inlined_string (0.3ms)
  Rendered /home/paul/.rbenv/versions/2.2.2/lib/ruby/gems/2.2.0/gems/web-console-2.2.1/lib/web_console/templates/_prompt_box_markup.html.erb within layouts/inlined_string (0.2ms)
  Rendered /home/paul/.rbenv/versions/2.2.2/lib/ruby/gems/2.2.0/gems/web-console-2.2.1/lib/web_console/templates/style.css.erb within layouts/inlined_string (0.3ms)
  Rendered /home/paul/.rbenv/versions/2.2.2/lib/ruby/gems/2.2.0/gems/web-console-2.2.1/lib/web_console/templates/console.js.erb within layouts/javascript (30.6ms)
  Rendered /home/paul/.rbenv/versions/2.2.2/lib/ruby/gems/2.2.0/gems/web-console-2.2.1/lib/web_console/templates/main.js.erb within layouts/javascript (0.3ms)
  Rendered /home/paul/.rbenv/versions/2.2.2/lib/ruby/gems/2.2.0/gems/web-console-2.2.1/lib/web_console/templates/error_page.js.erb within layouts/javascript (0.3ms)
  Rendered /home/paul/.rbenv/versions/2.2.2/lib/ruby/gems/2.2.0/gems/web-console-2.2.1/lib/web_console/templates/index.html.erb (72.1ms)
  [1m[36mActiveRecord::SchemaMigration Load (0.2ms)[0m  [1mSELECT "schema_migrations".* FROM "schema_migrations"[0m
  [1m[35mActiveRecord::SchemaMigration Load (0.1ms)[0m  SELECT "schema_migrations".* FROM "schema_migrations"
  [1m[36m (2.0ms)[0m  [1mSELECT t2.oid::regclass::text AS to_table, a1.attname AS column, a2.attname AS primary_key, c.conname AS name, c.confupdtype AS on_update, c.confdeltype AS on_delete
FROM pg_constraint c
JOIN pg_class t1 ON c.conrelid = t1.oid
JOIN pg_class t2 ON c.confrelid = t2.oid
JOIN pg_attribute a1 ON a1.attnum = c.conkey[1] AND a1.attrelid = t1.oid
JOIN pg_attribute a2 ON a2.attnum = c.confkey[1] AND a2.attrelid = t2.oid
JOIN pg_namespace t3 ON c.connamespace = t3.oid
WHERE c.contype = 'f'
  AND t1.relname = 'creatures'
  AND t3.nspname = ANY (current_schemas(false))
ORDER BY c.conname
[0m
  [1m[36mActiveRecord::SchemaMigration Load (0.3ms)[0m  [1mSELECT "schema_migrations".* FROM "schema_migrations"[0m
Migrating to CreateAnimals (20150720152348)
  [1m[35m (0.2ms)[0m  BEGIN
  [1m[36m (22.1ms)[0m  [1mCREATE TABLE "animals" ("id" serial primary key, "name" character varying, "description" text, "created_at" timestamp NOT NULL, "updated_at" timestamp NOT NULL) [0m
  [1m[35mSQL (4.6ms)[0m  INSERT INTO "schema_migrations" ("version") VALUES ($1)  [["version", "20150720152348"]]
  [1m[36m (3.0ms)[0m  [1mCOMMIT[0m
  [1m[35mActiveRecord::SchemaMigration Load (1.2ms)[0m  SELECT "schema_migrations".* FROM "schema_migrations"
  [1m[36m (2.3ms)[0m  [1mSELECT t2.oid::regclass::text AS to_table, a1.attname AS column, a2.attname AS primary_key, c.conname AS name, c.confupdtype AS on_update, c.confdeltype AS on_delete
FROM pg_constraint c
JOIN pg_class t1 ON c.conrelid = t1.oid
JOIN pg_class t2 ON c.confrelid = t2.oid
JOIN pg_attribute a1 ON a1.attnum = c.conkey[1] AND a1.attrelid = t1.oid
JOIN pg_attribute a2 ON a2.attnum = c.confkey[1] AND a2.attrelid = t2.oid
JOIN pg_namespace t3 ON c.connamespace = t3.oid
WHERE c.contype = 'f'
  AND t1.relname = 'animals'
  AND t3.nspname = ANY (current_schemas(false))
ORDER BY c.conname
[0m
  [1m[35m (2.1ms)[0m  SELECT t2.oid::regclass::text AS to_table, a1.attname AS column, a2.attname AS primary_key, c.conname AS name, c.confupdtype AS on_update, c.confdeltype AS on_delete
FROM pg_constraint c
JOIN pg_class t1 ON c.conrelid = t1.oid
JOIN pg_class t2 ON c.confrelid = t2.oid
JOIN pg_attribute a1 ON a1.attnum = c.conkey[1] AND a1.attrelid = t1.oid
JOIN pg_attribute a2 ON a2.attnum = c.confkey[1] AND a2.attrelid = t2.oid
JOIN pg_namespace t3 ON c.connamespace = t3.oid
WHERE c.contype = 'f'
  AND t1.relname = 'creatures'
  AND t3.nspname = ANY (current_schemas(false))
ORDER BY c.conname



Started GET "/" for 127.0.0.1 at 2015-07-20 08:26:02 -0700
  [1m[36mActiveRecord::SchemaMigration Load (0.4ms)[0m  [1mSELECT "schema_migrations".* FROM "schema_migrations"[0m

ActionController::RoutingError (uninitialized constant WelcomeController):
  activesupport (4.2.3) lib/active_support/inflector/methods.rb:261:in `const_get'
  activesupport (4.2.3) lib/active_support/inflector/methods.rb:261:in `block in constantize'
  activesupport (4.2.3) lib/active_support/inflector/methods.rb:259:in `each'
  activesupport (4.2.3) lib/active_support/inflector/methods.rb:259:in `inject'
  activesupport (4.2.3) lib/active_support/inflector/methods.rb:259:in `constantize'
  actionpack (4.2.3) lib/action_dispatch/routing/route_set.rb:72:in `controller_reference'
  actionpack (4.2.3) lib/action_dispatch/routing/route_set.rb:62:in `controller'
  actionpack (4.2.3) lib/action_dispatch/routing/route_set.rb:41:in `serve'
  actionpack (4.2.3) lib/action_dispatch/journey/router.rb:43:in `block in serve'
  actionpack (4.2.3) lib/action_dispatch/journey/router.rb:30:in `each'
  actionpack (4.2.3) lib/action_dispatch/journey/router.rb:30:in `serve'
  actionpack (4.2.3) lib/action_dispatch/routing/route_set.rb:821:in `call'
  rack (1.6.4) lib/rack/etag.rb:24:in `call'
  rack (1.6.4) lib/rack/conditionalget.rb:25:in `call'
  rack (1.6.4) lib/rack/head.rb:13:in `call'
  actionpack (4.2.3) lib/action_dispatch/middleware/params_parser.rb:27:in `call'
  actionpack (4.2.3) lib/action_dispatch/middleware/flash.rb:260:in `call'
  rack (1.6.4) lib/rack/session/abstract/id.rb:225:in `context'
  rack (1.6.4) lib/rack/session/abstract/id.rb:220:in `call'
  actionpack (4.2.3) lib/action_dispatch/middleware/cookies.rb:560:in `call'
  activerecord (4.2.3) lib/active_record/query_cache.rb:36:in `call'
  activerecord (4.2.3) lib/active_record/connection_adapters/abstract/connection_pool.rb:653:in `call'
  activerecord (4.2.3) lib/active_record/migration.rb:377:in `call'
  actionpack (4.2.3) lib/action_dispatch/middleware/callbacks.rb:29:in `block in call'
  activesupport (4.2.3) lib/active_support/callbacks.rb:84:in `run_callbacks'
  actionpack (4.2.3) lib/action_dispatch/middleware/callbacks.rb:27:in `call'
  actionpack (4.2.3) lib/action_dispatch/middleware/reloader.rb:73:in `call'
  actionpack (4.2.3) lib/action_dispatch/middleware/remote_ip.rb:78:in `call'
  actionpack (4.2.3) lib/action_dispatch/middleware/debug_exceptions.rb:17:in `call'
  web-console (2.2.1) lib/web_console/middleware.rb:39:in `call'
  actionpack (4.2.3) lib/action_dispatch/middleware/show_exceptions.rb:30:in `call'
  railties (4.2.3) lib/rails/rack/logger.rb:38:in `call_app'
  railties (4.2.3) lib/rails/rack/logger.rb:20:in `block in call'
  activesupport (4.2.3) lib/active_support/tagged_logging.rb:68:in `block in tagged'
  activesupport (4.2.3) lib/active_support/tagged_logging.rb:26:in `tagged'
  activesupport (4.2.3) lib/active_support/tagged_logging.rb:68:in `tagged'
  railties (4.2.3) lib/rails/rack/logger.rb:20:in `call'
  actionpack (4.2.3) lib/action_dispatch/middleware/request_id.rb:21:in `call'
  rack (1.6.4) lib/rack/methodoverride.rb:22:in `call'
  rack (1.6.4) lib/rack/runtime.rb:18:in `call'
  activesupport (4.2.3) lib/active_support/cache/strategy/local_cache_middleware.rb:28:in `call'
  rack (1.6.4) lib/rack/lock.rb:17:in `call'
  actionpack (4.2.3) lib/action_dispatch/middleware/static.rb:116:in `call'
  rack (1.6.4) lib/rack/sendfile.rb:113:in `call'
  railties (4.2.3) lib/rails/engine.rb:518:in `call'
  railties (4.2.3) lib/rails/application.rb:165:in `call'
  rack (1.6.4) lib/rack/lock.rb:17:in `call'
  rack (1.6.4) lib/rack/content_length.rb:15:in `call'
  rack (1.6.4) lib/rack/handler/webrick.rb:88:in `service'
  /home/paul/.rbenv/versions/2.2.2/lib/ruby/2.2.0/webrick/httpserver.rb:138:in `service'
  /home/paul/.rbenv/versions/2.2.2/lib/ruby/2.2.0/webrick/httpserver.rb:94:in `run'
  /home/paul/.rbenv/versions/2.2.2/lib/ruby/2.2.0/webrick/server.rb:294:in `block in start_thread'


  Rendered /home/paul/.rbenv/versions/2.2.2/lib/ruby/gems/2.2.0/gems/actionpack-4.2.3/lib/action_dispatch/middleware/templates/rescues/_trace.html.erb (4.7ms)
  Rendered /home/paul/.rbenv/versions/2.2.2/lib/ruby/gems/2.2.0/gems/actionpack-4.2.3/lib/action_dispatch/middleware/templates/routes/_route.html.erb (4.8ms)
  Rendered /home/paul/.rbenv/versions/2.2.2/lib/ruby/gems/2.2.0/gems/actionpack-4.2.3/lib/action_dispatch/middleware/templates/routes/_table.html.erb (7.1ms)
  Rendered /home/paul/.rbenv/versions/2.2.2/lib/ruby/gems/2.2.0/gems/actionpack-4.2.3/lib/action_dispatch/middleware/templates/rescues/_request_and_response.html.erb (18.9ms)
  Rendered /home/paul/.rbenv/versions/2.2.2/lib/ruby/gems/2.2.0/gems/actionpack-4.2.3/lib/action_dispatch/middleware/templates/rescues/routing_error.html.erb within rescues/layout (105.2ms)
  Rendered /home/paul/.rbenv/versions/2.2.2/lib/ruby/gems/2.2.0/gems/web-console-2.2.1/lib/web_console/templates/_markup.html.erb (0.4ms)
  Rendered /home/paul/.rbenv/versions/2.2.2/lib/ruby/gems/2.2.0/gems/web-console-2.2.1/lib/web_console/templates/_inner_console_markup.html.erb within layouts/inlined_string (0.4ms)
  Rendered /home/paul/.rbenv/versions/2.2.2/lib/ruby/gems/2.2.0/gems/web-console-2.2.1/lib/web_console/templates/_prompt_box_markup.html.erb within layouts/inlined_string (0.3ms)
  Rendered /home/paul/.rbenv/versions/2.2.2/lib/ruby/gems/2.2.0/gems/web-console-2.2.1/lib/web_console/templates/style.css.erb within layouts/inlined_string (0.3ms)
  Rendered /home/paul/.rbenv/versions/2.2.2/lib/ruby/gems/2.2.0/gems/web-console-2.2.1/lib/web_console/templates/console.js.erb within layouts/javascript (38.3ms)
  Rendered /home/paul/.rbenv/versions/2.2.2/lib/ruby/gems/2.2.0/gems/web-console-2.2.1/lib/web_console/templates/main.js.erb within layouts/javascript (0.4ms)
  Rendered /home/paul/.rbenv/versions/2.2.2/lib/ruby/gems/2.2.0/gems/web-console-2.2.1/lib/web_console/templates/error_page.js.erb within layouts/javascript (0.4ms)
  Rendered /home/paul/.rbenv/versions/2.2.2/lib/ruby/gems/2.2.0/gems/web-console-2.2.1/lib/web_console/templates/index.html.erb (81.2ms)


Started GET "/" for 127.0.0.1 at 2015-07-20 08:34:29 -0700
Processing by AnimalsController#index as HTML
  [1m[35mAnimal Load (0.6ms)[0m  SELECT "animals".* FROM "animals"
  Rendered animals/index.html.erb within layouts/application (6.1ms)
Completed 200 OK in 2154ms (Views: 2150.4ms | ActiveRecord: 1.5ms)


Started GET "/assets/animals.self-e3b0c44298fc1c149afbf4c8996fb92427ae41e4649b934ca495991b7852b855.css?body=1" for 127.0.0.1 at 2015-07-20 08:34:31 -0700


Started GET "/assets/bog_creature.self-e3b0c44298fc1c149afbf4c8996fb92427ae41e4649b934ca495991b7852b855.css?body=1" for 127.0.0.1 at 2015-07-20 08:34:31 -0700


Started GET "/assets/home_page.self-e3b0c44298fc1c149afbf4c8996fb92427ae41e4649b934ca495991b7852b855.css?body=1" for 127.0.0.1 at 2015-07-20 08:34:31 -0700


Started GET "/assets/scaffolds.self-03bc4d2ed3d7cb520199ca95df25f0336243f1ef61b56ed7f738c81b79bd9766.css?body=1" for 127.0.0.1 at 2015-07-20 08:34:31 -0700


Started GET "/assets/application.self-e80e8f2318043e8af94dddc2adad5a4f09739a8ebb323b3ab31cd71d45fd9113.css?body=1" for 127.0.0.1 at 2015-07-20 08:34:31 -0700


Started GET "/assets/jquery.self-d03a5518f45df77341bdbe6201ba3bfa547ebba8ed64f0ea56bfa5f96ea7c074.js?body=1" for 127.0.0.1 at 2015-07-20 08:34:31 -0700


Started GET "/assets/jquery_ujs.self-ca5248a2fad13d6bd58ea121318d642f195f0b2dd818b30615f785ff365e8d1f.js?body=1" for 127.0.0.1 at 2015-07-20 08:34:31 -0700


Started GET "/assets/turbolinks.self-c37727e9bd6b2735da5c311aa83fead54ed0be6cc8bd9a65309e9c5abe2cbfff.js?body=1" for 127.0.0.1 at 2015-07-20 08:34:31 -0700


Started GET "/assets/animals.self-877aef30ae1b040ab8a3aba4e3e309a11d7f2612f44dde450b5c157aa5f95c05.js?body=1" for 127.0.0.1 at 2015-07-20 08:34:31 -0700


Started GET "/assets/home_page.self-877aef30ae1b040ab8a3aba4e3e309a11d7f2612f44dde450b5c157aa5f95c05.js?body=1" for 127.0.0.1 at 2015-07-20 08:34:31 -0700


Started GET "/assets/bog_creature.self-877aef30ae1b040ab8a3aba4e3e309a11d7f2612f44dde450b5c157aa5f95c05.js?body=1" for 127.0.0.1 at 2015-07-20 08:34:31 -0700


Started GET "/assets/application.self-3b8dabdc891efe46b9a144b400ad69e37d7e5876bdc39dee783419a69d7ca819.js?body=1" for 127.0.0.1 at 2015-07-20 08:34:31 -0700


Started GET "/animals/new" for 127.0.0.1 at 2015-07-20 08:34:34 -0700
Processing by AnimalsController#new as HTML
  Rendered animals/_form.html.erb (58.2ms)
  Rendered animals/new.html.erb within layouts/application (62.5ms)
Completed 200 OK in 134ms (Views: 129.1ms | ActiveRecord: 1.4ms)


Started POST "/animals" for 127.0.0.1 at 2015-07-20 08:34:48 -0700
Processing by AnimalsController#create as HTML
  Parameters: {"utf8"=>"✓", "authenticity_token"=>"f5+6RliLwa3HvyjBeHNV/wahA5jQ6PXGvnsT4aMN9xPvF5LnYRvUrRZ1KoToOs8W59OdYTbbATi0Tjq9foow8g==", "animal"=>{"name"=>"frog", "description"=>"green, jumper."}, "commit"=>"Create Animal"}
  [1m[36m (0.1ms)[0m  [1mBEGIN[0m
  [1m[35mSQL (0.4ms)[0m  INSERT INTO "animals" ("name", "description", "created_at", "updated_at") VALUES ($1, $2, $3, $4) RETURNING "id"  [["name", "frog"], ["description", "green, jumper."], ["created_at", "2015-07-20 15:34:48.117131"], ["updated_at", "2015-07-20 15:34:48.117131"]]
  [1m[36m (26.7ms)[0m  [1mCOMMIT[0m
Redirected to http://localhost:3000/animals/1
Completed 302 Found in 37ms (ActiveRecord: 28.3ms)


Started GET "/animals/1" for 127.0.0.1 at 2015-07-20 08:34:48 -0700
Processing by AnimalsController#show as HTML
  Parameters: {"id"=>"1"}
  [1m[35mAnimal Load (0.3ms)[0m  SELECT  "animals".* FROM "animals" WHERE "animals"."id" = $1 LIMIT 1  [["id", 1]]
  Rendered animals/show.html.erb within layouts/application (0.8ms)
Completed 200 OK in 112ms (Views: 74.3ms | ActiveRecord: 0.3ms)


Started GET "/animals/1/edit" for 127.0.0.1 at 2015-07-20 08:34:59 -0700
Processing by AnimalsController#edit as HTML
  Parameters: {"id"=>"1"}
  [1m[36mAnimal Load (0.5ms)[0m  [1mSELECT  "animals".* FROM "animals" WHERE "animals"."id" = $1 LIMIT 1[0m  [["id", 1]]
  Rendered animals/_form.html.erb (5.9ms)
  Rendered animals/edit.html.erb within layouts/application (7.1ms)
Completed 200 OK in 78ms (Views: 76.3ms | ActiveRecord: 0.5ms)


Started PATCH "/animals/1" for 127.0.0.1 at 2015-07-20 08:35:18 -0700
Processing by AnimalsController#update as HTML
  Parameters: {"utf8"=>"✓", "authenticity_token"=>"xgWZZp97C2fVUzOV2RAr4vkaHTjEtwSwaE51EdzpZlZWjbHHpuseZwSZMdBJWbELGGiDwSKE8E5ie1xNAW6htw==", "animal"=>{"name"=>"frog", "description"=>"green, jumper, should not cross the road."}, "commit"=>"Update Animal", "id"=>"1"}
  [1m[35mAnimal Load (0.2ms)[0m  SELECT  "animals".* FROM "animals" WHERE "animals"."id" = $1 LIMIT 1  [["id", 1]]
  [1m[36m (1.7ms)[0m  [1mBEGIN[0m
  [1m[35mSQL (0.2ms)[0m  UPDATE "animals" SET "description" = $1, "updated_at" = $2 WHERE "animals"."id" = $3  [["description", "green, jumper, should not cross the road."], ["updated_at", "2015-07-20 15:35:18.156494"], ["id", 1]]
  [1m[36m (22.7ms)[0m  [1mCOMMIT[0m
Redirected to http://localhost:3000/animals/1
Completed 302 Found in 34ms (ActiveRecord: 24.9ms)


Started GET "/animals/1" for 127.0.0.1 at 2015-07-20 08:35:18 -0700
Processing by AnimalsController#show as HTML
  Parameters: {"id"=>"1"}
  [1m[35mAnimal Load (0.2ms)[0m  SELECT  "animals".* FROM "animals" WHERE "animals"."id" = $1 LIMIT 1  [["id", 1]]
  Rendered animals/show.html.erb within layouts/application (0.4ms)
Completed 200 OK in 84ms (Views: 82.4ms | ActiveRecord: 0.2ms)


Started GET "/animals" for 127.0.0.1 at 2015-07-20 08:35:20 -0700
Processing by AnimalsController#index as HTML
  [1m[36mAnimal Load (0.2ms)[0m  [1mSELECT "animals".* FROM "animals"[0m
  Rendered animals/index.html.erb within layouts/application (5.6ms)
Completed 200 OK in 91ms (Views: 90.5ms | ActiveRecord: 0.2ms)


Started GET "/" for 127.0.0.1 at 2015-07-20 08:37:47 -0700
Processing by AnimalsController#index as HTML
  [1m[35mAnimal Load (6.5ms)[0m  SELECT "animals".* FROM "animals"
  Rendered animals/index.html.erb within layouts/application (7.9ms)
Completed 200 OK in 81ms (Views: 73.7ms | ActiveRecord: 6.5ms)


Started GET "/" for 127.0.0.1 at 2015-07-20 08:37:51 -0700
Processing by AnimalsController#index as HTML
  [1m[36mAnimal Load (3.2ms)[0m  [1mSELECT "animals".* FROM "animals"[0m
  Rendered animals/index.html.erb within layouts/application (4.5ms)
Completed 200 OK in 79ms (Views: 74.3ms | ActiveRecord: 3.2ms)


Started GET "/assets/animals.self-e3b0c44298fc1c149afbf4c8996fb92427ae41e4649b934ca495991b7852b855.css?body=1" for 127.0.0.1 at 2015-07-20 08:37:51 -0700


Started GET "/assets/bog_creature.self-e3b0c44298fc1c149afbf4c8996fb92427ae41e4649b934ca495991b7852b855.css?body=1" for 127.0.0.1 at 2015-07-20 08:37:51 -0700


Started GET "/assets/application.self-e80e8f2318043e8af94dddc2adad5a4f09739a8ebb323b3ab31cd71d45fd9113.css?body=1" for 127.0.0.1 at 2015-07-20 08:37:51 -0700


Started GET "/assets/jquery.self-d03a5518f45df77341bdbe6201ba3bfa547ebba8ed64f0ea56bfa5f96ea7c074.js?body=1" for 127.0.0.1 at 2015-07-20 08:37:51 -0700


Started GET "/assets/home_page.self-e3b0c44298fc1c149afbf4c8996fb92427ae41e4649b934ca495991b7852b855.css?body=1" for 127.0.0.1 at 2015-07-20 08:37:51 -0700


Started GET "/assets/scaffolds.self-03bc4d2ed3d7cb520199ca95df25f0336243f1ef61b56ed7f738c81b79bd9766.css?body=1" for 127.0.0.1 at 2015-07-20 08:37:51 -0700


Started GET "/assets/jquery_ujs.self-ca5248a2fad13d6bd58ea121318d642f195f0b2dd818b30615f785ff365e8d1f.js?body=1" for 127.0.0.1 at 2015-07-20 08:37:51 -0700


Started GET "/assets/animals.self-877aef30ae1b040ab8a3aba4e3e309a11d7f2612f44dde450b5c157aa5f95c05.js?body=1" for 127.0.0.1 at 2015-07-20 08:37:51 -0700


Started GET "/assets/turbolinks.self-c37727e9bd6b2735da5c311aa83fead54ed0be6cc8bd9a65309e9c5abe2cbfff.js?body=1" for 127.0.0.1 at 2015-07-20 08:37:51 -0700


Started GET "/assets/bog_creature.self-877aef30ae1b040ab8a3aba4e3e309a11d7f2612f44dde450b5c157aa5f95c05.js?body=1" for 127.0.0.1 at 2015-07-20 08:37:51 -0700


Started GET "/assets/home_page.self-877aef30ae1b040ab8a3aba4e3e309a11d7f2612f44dde450b5c157aa5f95c05.js?body=1" for 127.0.0.1 at 2015-07-20 08:37:51 -0700


Started GET "/assets/application.self-3b8dabdc891efe46b9a144b400ad69e37d7e5876bdc39dee783419a69d7ca819.js?body=1" for 127.0.0.1 at 2015-07-20 08:37:51 -0700


Started GET "/" for 127.0.0.1 at 2015-07-20 08:54:50 -0700

SyntaxError (/home/paul/Desktop/WDI/In_class/bog/bog_app/app/controllers/animals_controller.rb:5: unknown regexp options - aal):
  app/controllers/animals_controller.rb:5: unknown regexp options - aal


  Rendered /home/paul/.rbenv/versions/2.2.2/lib/ruby/gems/2.2.0/gems/actionpack-4.2.3/lib/action_dispatch/middleware/templates/rescues/_source.erb (8.7ms)
  Rendered /home/paul/.rbenv/versions/2.2.2/lib/ruby/gems/2.2.0/gems/actionpack-4.2.3/lib/action_dispatch/middleware/templates/rescues/_trace.html.erb (1.9ms)
  Rendered /home/paul/.rbenv/versions/2.2.2/lib/ruby/gems/2.2.0/gems/actionpack-4.2.3/lib/action_dispatch/middleware/templates/rescues/_request_and_response.html.erb (1.2ms)
  Rendered /home/paul/.rbenv/versions/2.2.2/lib/ruby/gems/2.2.0/gems/actionpack-4.2.3/lib/action_dispatch/middleware/templates/rescues/diagnostics.html.erb within rescues/layout (40.2ms)
  Rendered /home/paul/.rbenv/versions/2.2.2/lib/ruby/gems/2.2.0/gems/web-console-2.2.1/lib/web_console/templates/_markup.html.erb (0.4ms)
  Rendered /home/paul/.rbenv/versions/2.2.2/lib/ruby/gems/2.2.0/gems/web-console-2.2.1/lib/web_console/templates/_inner_console_markup.html.erb within layouts/inlined_string (0.3ms)
  Rendered /home/paul/.rbenv/versions/2.2.2/lib/ruby/gems/2.2.0/gems/web-console-2.2.1/lib/web_console/templates/_prompt_box_markup.html.erb within layouts/inlined_string (0.3ms)
  Rendered /home/paul/.rbenv/versions/2.2.2/lib/ruby/gems/2.2.0/gems/web-console-2.2.1/lib/web_console/templates/style.css.erb within layouts/inlined_string (0.3ms)
  Rendered /home/paul/.rbenv/versions/2.2.2/lib/ruby/gems/2.2.0/gems/web-console-2.2.1/lib/web_console/templates/console.js.erb within layouts/javascript (30.5ms)
  Rendered /home/paul/.rbenv/versions/2.2.2/lib/ruby/gems/2.2.0/gems/web-console-2.2.1/lib/web_console/templates/main.js.erb within layouts/javascript (0.3ms)
  Rendered /home/paul/.rbenv/versions/2.2.2/lib/ruby/gems/2.2.0/gems/web-console-2.2.1/lib/web_console/templates/error_page.js.erb within layouts/javascript (2.0ms)
  Rendered /home/paul/.rbenv/versions/2.2.2/lib/ruby/gems/2.2.0/gems/web-console-2.2.1/lib/web_console/templates/index.html.erb (78.3ms)


Started GET "/" for 127.0.0.1 at 2015-07-20 08:55:20 -0700

SyntaxError (/home/paul/Desktop/WDI/In_class/bog/bog_app/app/controllers/animals_controller.rb:5: unknown regexp options - aal):
  app/controllers/animals_controller.rb:5: unknown regexp options - aal


  Rendered /home/paul/.rbenv/versions/2.2.2/lib/ruby/gems/2.2.0/gems/actionpack-4.2.3/lib/action_dispatch/middleware/templates/rescues/_source.erb (6.2ms)
  Rendered /home/paul/.rbenv/versions/2.2.2/lib/ruby/gems/2.2.0/gems/actionpack-4.2.3/lib/action_dispatch/middleware/templates/rescues/_trace.html.erb (2.0ms)
  Rendered /home/paul/.rbenv/versions/2.2.2/lib/ruby/gems/2.2.0/gems/actionpack-4.2.3/lib/action_dispatch/middleware/templates/rescues/_request_and_response.html.erb (1.3ms)
  Rendered /home/paul/.rbenv/versions/2.2.2/lib/ruby/gems/2.2.0/gems/actionpack-4.2.3/lib/action_dispatch/middleware/templates/rescues/diagnostics.html.erb within rescues/layout (45.1ms)
  Rendered /home/paul/.rbenv/versions/2.2.2/lib/ruby/gems/2.2.0/gems/web-console-2.2.1/lib/web_console/templates/_markup.html.erb (0.5ms)
  Rendered /home/paul/.rbenv/versions/2.2.2/lib/ruby/gems/2.2.0/gems/web-console-2.2.1/lib/web_console/templates/_inner_console_markup.html.erb within layouts/inlined_string (0.3ms)
  Rendered /home/paul/.rbenv/versions/2.2.2/lib/ruby/gems/2.2.0/gems/web-console-2.2.1/lib/web_console/templates/_prompt_box_markup.html.erb within layouts/inlined_string (0.4ms)
  Rendered /home/paul/.rbenv/versions/2.2.2/lib/ruby/gems/2.2.0/gems/web-console-2.2.1/lib/web_console/templates/style.css.erb within layouts/inlined_string (0.2ms)
  Rendered /home/paul/.rbenv/versions/2.2.2/lib/ruby/gems/2.2.0/gems/web-console-2.2.1/lib/web_console/templates/console.js.erb within layouts/javascript (36.2ms)
  Rendered /home/paul/.rbenv/versions/2.2.2/lib/ruby/gems/2.2.0/gems/web-console-2.2.1/lib/web_console/templates/main.js.erb within layouts/javascript (0.3ms)
  Rendered /home/paul/.rbenv/versions/2.2.2/lib/ruby/gems/2.2.0/gems/web-console-2.2.1/lib/web_console/templates/error_page.js.erb within layouts/javascript (3.0ms)
  Rendered /home/paul/.rbenv/versions/2.2.2/lib/ruby/gems/2.2.0/gems/web-console-2.2.1/lib/web_console/templates/index.html.erb (67.1ms)


Started GET "/" for 127.0.0.1 at 2015-07-20 08:57:42 -0700
Processing by AnimalsController#index as HTML
  [1m[35mAnimal Load (0.3ms)[0m  SELECT "animals".* FROM "animals"
  Rendered animals/index.html.erb within layouts/application (8.1ms)
Completed 500 Internal Server Error in 70ms (ActiveRecord: 3.6ms)

ActionView::Template::Error (Invalid CSS after "...ootstrap.min.js": expected "{", was ""):
    2: <html>
    3: <head>
    4:   <title>BogApp</title>
    5:   <%= stylesheet_link_tag    'application', media: 'all', 'data-turbolinks-track' => true %>
    6:   <%= javascript_include_tag 'application', 'data-turbolinks-track' => true %>
    7:   <%= csrf_meta_tags %>
    8: </head>
  app/assets/stylesheets/animals.scss:6
  app/views/layouts/application.html.erb:5:in `_app_views_layouts_application_html_erb___4347883601822974730_70334535117840'


  Rendered /home/paul/.rbenv/versions/2.2.2/lib/ruby/gems/2.2.0/gems/actionpack-4.2.3/lib/action_dispatch/middleware/templates/rescues/_source.erb (22.2ms)
  Rendered /home/paul/.rbenv/versions/2.2.2/lib/ruby/gems/2.2.0/gems/actionpack-4.2.3/lib/action_dispatch/middleware/templates/rescues/_trace.html.erb (6.0ms)
  Rendered /home/paul/.rbenv/versions/2.2.2/lib/ruby/gems/2.2.0/gems/actionpack-4.2.3/lib/action_dispatch/middleware/templates/rescues/_request_and_response.html.erb (1.0ms)
  Rendered /home/paul/.rbenv/versions/2.2.2/lib/ruby/gems/2.2.0/gems/actionpack-4.2.3/lib/action_dispatch/middleware/templates/rescues/template_error.html.erb within rescues/layout (62.5ms)
  Rendered /home/paul/.rbenv/versions/2.2.2/lib/ruby/gems/2.2.0/gems/web-console-2.2.1/lib/web_console/templates/_markup.html.erb (6.0ms)
  Rendered /home/paul/.rbenv/versions/2.2.2/lib/ruby/gems/2.2.0/gems/web-console-2.2.1/lib/web_console/templates/_inner_console_markup.html.erb within layouts/inlined_string (0.3ms)
  Rendered /home/paul/.rbenv/versions/2.2.2/lib/ruby/gems/2.2.0/gems/web-console-2.2.1/lib/web_console/templates/_prompt_box_markup.html.erb within layouts/inlined_string (0.3ms)
  Rendered /home/paul/.rbenv/versions/2.2.2/lib/ruby/gems/2.2.0/gems/web-console-2.2.1/lib/web_console/templates/style.css.erb within layouts/inlined_string (0.4ms)
  Rendered /home/paul/.rbenv/versions/2.2.2/lib/ruby/gems/2.2.0/gems/web-console-2.2.1/lib/web_console/templates/console.js.erb within layouts/javascript (26.5ms)
  Rendered /home/paul/.rbenv/versions/2.2.2/lib/ruby/gems/2.2.0/gems/web-console-2.2.1/lib/web_console/templates/main.js.erb within layouts/javascript (0.3ms)
  Rendered /home/paul/.rbenv/versions/2.2.2/lib/ruby/gems/2.2.0/gems/web-console-2.2.1/lib/web_console/templates/error_page.js.erb within layouts/javascript (0.5ms)
  Rendered /home/paul/.rbenv/versions/2.2.2/lib/ruby/gems/2.2.0/gems/web-console-2.2.1/lib/web_console/templates/index.html.erb (72.9ms)


Started GET "/" for 127.0.0.1 at 2015-07-20 08:59:41 -0700
Processing by AnimalsController#index as HTML
  [1m[36mAnimal Load (0.7ms)[0m  [1mSELECT "animals".* FROM "animals"[0m
  Rendered animals/index.html.erb within layouts/application (6.4ms)
Completed 200 OK in 152ms (Views: 151.1ms | ActiveRecord: 0.7ms)


Started GET "/assets/animals.self-e3b0c44298fc1c149afbf4c8996fb92427ae41e4649b934ca495991b7852b855.css?body=1" for 127.0.0.1 at 2015-07-20 08:59:42 -0700


Started GET "/assets/bog_creature.self-e3b0c44298fc1c149afbf4c8996fb92427ae41e4649b934ca495991b7852b855.css?body=1" for 127.0.0.1 at 2015-07-20 08:59:42 -0700


Started GET "/assets/home_page.self-e3b0c44298fc1c149afbf4c8996fb92427ae41e4649b934ca495991b7852b855.css?body=1" for 127.0.0.1 at 2015-07-20 08:59:42 -0700


Started GET "/assets/scaffolds.self-03bc4d2ed3d7cb520199ca95df25f0336243f1ef61b56ed7f738c81b79bd9766.css?body=1" for 127.0.0.1 at 2015-07-20 08:59:42 -0700


Started GET "/assets/application.self-e80e8f2318043e8af94dddc2adad5a4f09739a8ebb323b3ab31cd71d45fd9113.css?body=1" for 127.0.0.1 at 2015-07-20 08:59:42 -0700


Started GET "/assets/jquery.self-d03a5518f45df77341bdbe6201ba3bfa547ebba8ed64f0ea56bfa5f96ea7c074.js?body=1" for 127.0.0.1 at 2015-07-20 08:59:42 -0700


Started GET "/assets/jquery_ujs.self-ca5248a2fad13d6bd58ea121318d642f195f0b2dd818b30615f785ff365e8d1f.js?body=1" for 127.0.0.1 at 2015-07-20 08:59:42 -0700


Started GET "/assets/turbolinks.self-c37727e9bd6b2735da5c311aa83fead54ed0be6cc8bd9a65309e9c5abe2cbfff.js?body=1" for 127.0.0.1 at 2015-07-20 08:59:42 -0700


Started GET "/assets/animals.self-877aef30ae1b040ab8a3aba4e3e309a11d7f2612f44dde450b5c157aa5f95c05.js?body=1" for 127.0.0.1 at 2015-07-20 08:59:42 -0700


Started GET "/assets/bog_creature.self-877aef30ae1b040ab8a3aba4e3e309a11d7f2612f44dde450b5c157aa5f95c05.js?body=1" for 127.0.0.1 at 2015-07-20 08:59:42 -0700


Started GET "/assets/home_page.self-877aef30ae1b040ab8a3aba4e3e309a11d7f2612f44dde450b5c157aa5f95c05.js?body=1" for 127.0.0.1 at 2015-07-20 08:59:42 -0700


Started GET "/assets/application.self-3b8dabdc891efe46b9a144b400ad69e37d7e5876bdc39dee783419a69d7ca819.js?body=1" for 127.0.0.1 at 2015-07-20 08:59:42 -0700


Started GET "/" for 127.0.0.1 at 2015-07-20 09:00:22 -0700
Processing by AnimalsController#index as HTML
  [1m[35mAnimal Load (3.5ms)[0m  SELECT "animals".* FROM "animals"
  Rendered animals/index.html.erb within layouts/application (4.7ms)
Completed 200 OK in 158ms (Views: 154.0ms | ActiveRecord: 3.5ms)


Started GET "/assets/animals.self-e3b0c44298fc1c149afbf4c8996fb92427ae41e4649b934ca495991b7852b855.css?body=1" for 127.0.0.1 at 2015-07-20 09:00:22 -0700


Started GET "/assets/bog_creature.self-e3b0c44298fc1c149afbf4c8996fb92427ae41e4649b934ca495991b7852b855.css?body=1" for 127.0.0.1 at 2015-07-20 09:00:22 -0700


Started GET "/assets/home_page.self-e3b0c44298fc1c149afbf4c8996fb92427ae41e4649b934ca495991b7852b855.css?body=1" for 127.0.0.1 at 2015-07-20 09:00:22 -0700


Started GET "/assets/scaffolds.self-03bc4d2ed3d7cb520199ca95df25f0336243f1ef61b56ed7f738c81b79bd9766.css?body=1" for 127.0.0.1 at 2015-07-20 09:00:22 -0700


Started GET "/assets/application.self-fa7ce1afc361933811c1009cc9aa8e337f48be3c5441393b759507ebfd927df4.css?body=1" for 127.0.0.1 at 2015-07-20 09:00:22 -0700


Started GET "/assets/turbolinks.self-c37727e9bd6b2735da5c311aa83fead54ed0be6cc8bd9a65309e9c5abe2cbfff.js?body=1" for 127.0.0.1 at 2015-07-20 09:00:22 -0700


Started GET "/assets/animals.self-877aef30ae1b040ab8a3aba4e3e309a11d7f2612f44dde450b5c157aa5f95c05.js?body=1" for 127.0.0.1 at 2015-07-20 09:00:22 -0700


Started GET "/assets/jquery_ujs.self-ca5248a2fad13d6bd58ea121318d642f195f0b2dd818b30615f785ff365e8d1f.js?body=1" for 127.0.0.1 at 2015-07-20 09:00:22 -0700


Started GET "/assets/jquery.self-d03a5518f45df77341bdbe6201ba3bfa547ebba8ed64f0ea56bfa5f96ea7c074.js?body=1" for 127.0.0.1 at 2015-07-20 09:00:22 -0700


Started GET "/assets/bog_creature.self-877aef30ae1b040ab8a3aba4e3e309a11d7f2612f44dde450b5c157aa5f95c05.js?body=1" for 127.0.0.1 at 2015-07-20 09:00:22 -0700


Started GET "/assets/application.self-3b8dabdc891efe46b9a144b400ad69e37d7e5876bdc39dee783419a69d7ca819.js?body=1" for 127.0.0.1 at 2015-07-20 09:00:22 -0700


Started GET "/assets/home_page.self-877aef30ae1b040ab8a3aba4e3e309a11d7f2612f44dde450b5c157aa5f95c05.js?body=1" for 127.0.0.1 at 2015-07-20 09:00:22 -0700


Started GET "/" for 127.0.0.1 at 2015-07-20 09:01:14 -0700
Processing by AnimalsController#index as HTML
  [1m[36mAnimal Load (8.0ms)[0m  [1mSELECT "animals".* FROM "animals"[0m
  Rendered animals/index.html.erb within layouts/application (8.9ms)
Completed 200 OK in 177ms (Views: 166.9ms | ActiveRecord: 8.0ms)


Started GET "/assets/animals.self-e3b0c44298fc1c149afbf4c8996fb92427ae41e4649b934ca495991b7852b855.css?body=1" for 127.0.0.1 at 2015-07-20 09:01:14 -0700


Started GET "/assets/bog_creature.self-e3b0c44298fc1c149afbf4c8996fb92427ae41e4649b934ca495991b7852b855.css?body=1" for 127.0.0.1 at 2015-07-20 09:01:14 -0700


Started GET "/assets/home_page.self-e3b0c44298fc1c149afbf4c8996fb92427ae41e4649b934ca495991b7852b855.css?body=1" for 127.0.0.1 at 2015-07-20 09:01:14 -0700


Started GET "/assets/scaffolds.self-03bc4d2ed3d7cb520199ca95df25f0336243f1ef61b56ed7f738c81b79bd9766.css?body=1" for 127.0.0.1 at 2015-07-20 09:01:14 -0700


Started GET "/assets/application.self-7191d69a219b23b95ca9c5d2cb22297ac788ee9eee06799e8e0b82765795180f.css?body=1" for 127.0.0.1 at 2015-07-20 09:01:14 -0700


Started GET "/assets/jquery.self-d03a5518f45df77341bdbe6201ba3bfa547ebba8ed64f0ea56bfa5f96ea7c074.js?body=1" for 127.0.0.1 at 2015-07-20 09:01:14 -0700


Started GET "/assets/jquery_ujs.self-ca5248a2fad13d6bd58ea121318d642f195f0b2dd818b30615f785ff365e8d1f.js?body=1" for 127.0.0.1 at 2015-07-20 09:01:14 -0700


Started GET "/assets/turbolinks.self-c37727e9bd6b2735da5c311aa83fead54ed0be6cc8bd9a65309e9c5abe2cbfff.js?body=1" for 127.0.0.1 at 2015-07-20 09:01:14 -0700


Started GET "/assets/bog_creature.self-877aef30ae1b040ab8a3aba4e3e309a11d7f2612f44dde450b5c157aa5f95c05.js?body=1" for 127.0.0.1 at 2015-07-20 09:01:14 -0700


Started GET "/assets/animals.self-877aef30ae1b040ab8a3aba4e3e309a11d7f2612f44dde450b5c157aa5f95c05.js?body=1" for 127.0.0.1 at 2015-07-20 09:01:14 -0700


Started GET "/assets/application.self-3b8dabdc891efe46b9a144b400ad69e37d7e5876bdc39dee783419a69d7ca819.js?body=1" for 127.0.0.1 at 2015-07-20 09:01:14 -0700


Started GET "/assets/home_page.self-877aef30ae1b040ab8a3aba4e3e309a11d7f2612f44dde450b5c157aa5f95c05.js?body=1" for 127.0.0.1 at 2015-07-20 09:01:14 -0700


Started GET "/" for 127.0.0.1 at 2015-07-20 09:01:16 -0700
Processing by AnimalsController#index as HTML
  [1m[35mAnimal Load (1.0ms)[0m  SELECT "animals".* FROM "animals"
  Rendered animals/index.html.erb within layouts/application (2.1ms)
Completed 200 OK in 89ms (Views: 87.3ms | ActiveRecord: 1.0ms)


Started GET "/assets/animals.self-e3b0c44298fc1c149afbf4c8996fb92427ae41e4649b934ca495991b7852b855.css?body=1" for 127.0.0.1 at 2015-07-20 09:01:16 -0700


Started GET "/assets/bog_creature.self-e3b0c44298fc1c149afbf4c8996fb92427ae41e4649b934ca495991b7852b855.css?body=1" for 127.0.0.1 at 2015-07-20 09:01:16 -0700


Started GET "/assets/home_page.self-e3b0c44298fc1c149afbf4c8996fb92427ae41e4649b934ca495991b7852b855.css?body=1" for 127.0.0.1 at 2015-07-20 09:01:16 -0700


Started GET "/assets/scaffolds.self-03bc4d2ed3d7cb520199ca95df25f0336243f1ef61b56ed7f738c81b79bd9766.css?body=1" for 127.0.0.1 at 2015-07-20 09:01:16 -0700


Started GET "/assets/application.self-7191d69a219b23b95ca9c5d2cb22297ac788ee9eee06799e8e0b82765795180f.css?body=1" for 127.0.0.1 at 2015-07-20 09:01:16 -0700


Started GET "/assets/jquery.self-d03a5518f45df77341bdbe6201ba3bfa547ebba8ed64f0ea56bfa5f96ea7c074.js?body=1" for 127.0.0.1 at 2015-07-20 09:01:16 -0700


Started GET "/assets/jquery_ujs.self-ca5248a2fad13d6bd58ea121318d642f195f0b2dd818b30615f785ff365e8d1f.js?body=1" for 127.0.0.1 at 2015-07-20 09:01:16 -0700


Started GET "/assets/turbolinks.self-c37727e9bd6b2735da5c311aa83fead54ed0be6cc8bd9a65309e9c5abe2cbfff.js?body=1" for 127.0.0.1 at 2015-07-20 09:01:16 -0700


Started GET "/assets/animals.self-877aef30ae1b040ab8a3aba4e3e309a11d7f2612f44dde450b5c157aa5f95c05.js?body=1" for 127.0.0.1 at 2015-07-20 09:01:16 -0700


Started GET "/assets/home_page.self-877aef30ae1b040ab8a3aba4e3e309a11d7f2612f44dde450b5c157aa5f95c05.js?body=1" for 127.0.0.1 at 2015-07-20 09:01:16 -0700


Started GET "/assets/bog_creature.self-877aef30ae1b040ab8a3aba4e3e309a11d7f2612f44dde450b5c157aa5f95c05.js?body=1" for 127.0.0.1 at 2015-07-20 09:01:16 -0700


Started GET "/assets/application.self-3b8dabdc891efe46b9a144b400ad69e37d7e5876bdc39dee783419a69d7ca819.js?body=1" for 127.0.0.1 at 2015-07-20 09:01:16 -0700


Started GET "/" for 127.0.0.1 at 2015-07-20 09:02:41 -0700
Processing by AnimalsController#index as HTML
  [1m[36mAnimal Load (6.7ms)[0m  [1mSELECT "animals".* FROM "animals"[0m
  Rendered animals/index.html.erb within layouts/application (8.8ms)
Completed 200 OK in 106ms (Views: 98.9ms | ActiveRecord: 6.7ms)


Started GET "/assets/animals.self-e3b0c44298fc1c149afbf4c8996fb92427ae41e4649b934ca495991b7852b855.css?body=1" for 127.0.0.1 at 2015-07-20 09:02:41 -0700


Started GET "/assets/bog_creature.self-e3b0c44298fc1c149afbf4c8996fb92427ae41e4649b934ca495991b7852b855.css?body=1" for 127.0.0.1 at 2015-07-20 09:02:41 -0700


Started GET "/assets/home_page.self-e3b0c44298fc1c149afbf4c8996fb92427ae41e4649b934ca495991b7852b855.css?body=1" for 127.0.0.1 at 2015-07-20 09:02:41 -0700


Started GET "/assets/scaffolds.self-03bc4d2ed3d7cb520199ca95df25f0336243f1ef61b56ed7f738c81b79bd9766.css?body=1" for 127.0.0.1 at 2015-07-20 09:02:41 -0700


Started GET "/assets/application.self-7191d69a219b23b95ca9c5d2cb22297ac788ee9eee06799e8e0b82765795180f.css?body=1" for 127.0.0.1 at 2015-07-20 09:02:41 -0700


Started GET "/assets/animals.self-877aef30ae1b040ab8a3aba4e3e309a11d7f2612f44dde450b5c157aa5f95c05.js?body=1" for 127.0.0.1 at 2015-07-20 09:02:41 -0700


Started GET "/assets/jquery.self-d03a5518f45df77341bdbe6201ba3bfa547ebba8ed64f0ea56bfa5f96ea7c074.js?body=1" for 127.0.0.1 at 2015-07-20 09:02:41 -0700


Started GET "/assets/turbolinks.self-c37727e9bd6b2735da5c311aa83fead54ed0be6cc8bd9a65309e9c5abe2cbfff.js?body=1" for 127.0.0.1 at 2015-07-20 09:02:41 -0700


Started GET "/assets/jquery_ujs.self-ca5248a2fad13d6bd58ea121318d642f195f0b2dd818b30615f785ff365e8d1f.js?body=1" for 127.0.0.1 at 2015-07-20 09:02:41 -0700


Started GET "/assets/bog_creature.self-877aef30ae1b040ab8a3aba4e3e309a11d7f2612f44dde450b5c157aa5f95c05.js?body=1" for 127.0.0.1 at 2015-07-20 09:02:41 -0700


Started GET "/assets/home_page.self-877aef30ae1b040ab8a3aba4e3e309a11d7f2612f44dde450b5c157aa5f95c05.js?body=1" for 127.0.0.1 at 2015-07-20 09:02:41 -0700


Started GET "/assets/application.self-3b8dabdc891efe46b9a144b400ad69e37d7e5876bdc39dee783419a69d7ca819.js?body=1" for 127.0.0.1 at 2015-07-20 09:02:41 -0700


Started GET "/" for 127.0.0.1 at 2015-07-20 09:02:48 -0700
Processing by AnimalsController#index as HTML
  [1m[35mAnimal Load (0.7ms)[0m  SELECT "animals".* FROM "animals"
  Rendered animals/index.html.erb within layouts/application (9.1ms)
Completed 200 OK in 135ms (Views: 133.4ms | ActiveRecord: 0.7ms)


Started GET "/assets/animals.self-e3b0c44298fc1c149afbf4c8996fb92427ae41e4649b934ca495991b7852b855.css?body=1" for 127.0.0.1 at 2015-07-20 09:02:48 -0700


Started GET "/assets/bog_creature.self-e3b0c44298fc1c149afbf4c8996fb92427ae41e4649b934ca495991b7852b855.css?body=1" for 127.0.0.1 at 2015-07-20 09:02:48 -0700


Started GET "/assets/home_page.self-e3b0c44298fc1c149afbf4c8996fb92427ae41e4649b934ca495991b7852b855.css?body=1" for 127.0.0.1 at 2015-07-20 09:02:48 -0700


Started GET "/assets/scaffolds.self-03bc4d2ed3d7cb520199ca95df25f0336243f1ef61b56ed7f738c81b79bd9766.css?body=1" for 127.0.0.1 at 2015-07-20 09:02:49 -0700


Started GET "/assets/jquery.self-d03a5518f45df77341bdbe6201ba3bfa547ebba8ed64f0ea56bfa5f96ea7c074.js?body=1" for 127.0.0.1 at 2015-07-20 09:02:49 -0700


Started GET "/assets/jquery_ujs.self-ca5248a2fad13d6bd58ea121318d642f195f0b2dd818b30615f785ff365e8d1f.js?body=1" for 127.0.0.1 at 2015-07-20 09:02:49 -0700


Started GET "/assets/turbolinks.self-c37727e9bd6b2735da5c311aa83fead54ed0be6cc8bd9a65309e9c5abe2cbfff.js?body=1" for 127.0.0.1 at 2015-07-20 09:02:49 -0700


Started GET "/assets/application.self-7191d69a219b23b95ca9c5d2cb22297ac788ee9eee06799e8e0b82765795180f.css?body=1" for 127.0.0.1 at 2015-07-20 09:02:49 -0700


Started GET "/assets/animals.self-877aef30ae1b040ab8a3aba4e3e309a11d7f2612f44dde450b5c157aa5f95c05.js?body=1" for 127.0.0.1 at 2015-07-20 09:02:49 -0700


Started GET "/assets/bog_creature.self-877aef30ae1b040ab8a3aba4e3e309a11d7f2612f44dde450b5c157aa5f95c05.js?body=1" for 127.0.0.1 at 2015-07-20 09:02:49 -0700


Started GET "/assets/home_page.self-877aef30ae1b040ab8a3aba4e3e309a11d7f2612f44dde450b5c157aa5f95c05.js?body=1" for 127.0.0.1 at 2015-07-20 09:02:49 -0700


Started GET "/assets/application.self-3b8dabdc891efe46b9a144b400ad69e37d7e5876bdc39dee783419a69d7ca819.js?body=1" for 127.0.0.1 at 2015-07-20 09:02:49 -0700


Started GET "/" for 127.0.0.1 at 2015-07-20 09:02:49 -0700
Processing by AnimalsController#index as HTML
  [1m[36mAnimal Load (3.8ms)[0m  [1mSELECT "animals".* FROM "animals"[0m
  Rendered animals/index.html.erb within layouts/application (4.9ms)
Completed 200 OK in 77ms (Views: 72.6ms | ActiveRecord: 3.8ms)


Started GET "/assets/animals.self-e3b0c44298fc1c149afbf4c8996fb92427ae41e4649b934ca495991b7852b855.css?body=1" for 127.0.0.1 at 2015-07-20 09:02:49 -0700


Started GET "/assets/bog_creature.self-e3b0c44298fc1c149afbf4c8996fb92427ae41e4649b934ca495991b7852b855.css?body=1" for 127.0.0.1 at 2015-07-20 09:02:49 -0700


Started GET "/assets/home_page.self-e3b0c44298fc1c149afbf4c8996fb92427ae41e4649b934ca495991b7852b855.css?body=1" for 127.0.0.1 at 2015-07-20 09:02:49 -0700


Started GET "/assets/scaffolds.self-03bc4d2ed3d7cb520199ca95df25f0336243f1ef61b56ed7f738c81b79bd9766.css?body=1" for 127.0.0.1 at 2015-07-20 09:02:49 -0700


Started GET "/assets/jquery.self-d03a5518f45df77341bdbe6201ba3bfa547ebba8ed64f0ea56bfa5f96ea7c074.js?body=1" for 127.0.0.1 at 2015-07-20 09:02:49 -0700


Started GET "/assets/jquery_ujs.self-ca5248a2fad13d6bd58ea121318d642f195f0b2dd818b30615f785ff365e8d1f.js?body=1" for 127.0.0.1 at 2015-07-20 09:02:49 -0700


Started GET "/assets/application.self-7191d69a219b23b95ca9c5d2cb22297ac788ee9eee06799e8e0b82765795180f.css?body=1" for 127.0.0.1 at 2015-07-20 09:02:49 -0700


Started GET "/assets/turbolinks.self-c37727e9bd6b2735da5c311aa83fead54ed0be6cc8bd9a65309e9c5abe2cbfff.js?body=1" for 127.0.0.1 at 2015-07-20 09:02:49 -0700


Started GET "/assets/animals.self-877aef30ae1b040ab8a3aba4e3e309a11d7f2612f44dde450b5c157aa5f95c05.js?body=1" for 127.0.0.1 at 2015-07-20 09:02:49 -0700


Started GET "/assets/home_page.self-877aef30ae1b040ab8a3aba4e3e309a11d7f2612f44dde450b5c157aa5f95c05.js?body=1" for 127.0.0.1 at 2015-07-20 09:02:49 -0700


Started GET "/assets/bog_creature.self-877aef30ae1b040ab8a3aba4e3e309a11d7f2612f44dde450b5c157aa5f95c05.js?body=1" for 127.0.0.1 at 2015-07-20 09:02:49 -0700


Started GET "/assets/application.self-3b8dabdc891efe46b9a144b400ad69e37d7e5876bdc39dee783419a69d7ca819.js?body=1" for 127.0.0.1 at 2015-07-20 09:02:49 -0700


Started GET "/" for 127.0.0.1 at 2015-07-20 09:05:18 -0700
Processing by AnimalsController#index as HTML
  [1m[35mAnimal Load (3.0ms)[0m  SELECT "animals".* FROM "animals"
  Rendered animals/index.html.erb within layouts/application (7.1ms)
Completed 200 OK in 178ms (Views: 175.0ms | ActiveRecord: 3.0ms)


Started GET "/assets/animals.self-e003957f4ff74910508b6ada54b3d91e5895c282edb3e0c4fd8a15a8e55a5306.css?body=1" for 127.0.0.1 at 2015-07-20 09:05:19 -0700


Started GET "/assets/bog_creature.self-e3b0c44298fc1c149afbf4c8996fb92427ae41e4649b934ca495991b7852b855.css?body=1" for 127.0.0.1 at 2015-07-20 09:05:19 -0700


Started GET "/assets/jquery.self-d03a5518f45df77341bdbe6201ba3bfa547ebba8ed64f0ea56bfa5f96ea7c074.js?body=1" for 127.0.0.1 at 2015-07-20 09:05:19 -0700


Started GET "/assets/home_page.self-e3b0c44298fc1c149afbf4c8996fb92427ae41e4649b934ca495991b7852b855.css?body=1" for 127.0.0.1 at 2015-07-20 09:05:19 -0700


Started GET "/assets/application.self-7191d69a219b23b95ca9c5d2cb22297ac788ee9eee06799e8e0b82765795180f.css?body=1" for 127.0.0.1 at 2015-07-20 09:05:19 -0700


Started GET "/assets/scaffolds.self-03bc4d2ed3d7cb520199ca95df25f0336243f1ef61b56ed7f738c81b79bd9766.css?body=1" for 127.0.0.1 at 2015-07-20 09:05:19 -0700


Started GET "/assets/jquery_ujs.self-ca5248a2fad13d6bd58ea121318d642f195f0b2dd818b30615f785ff365e8d1f.js?body=1" for 127.0.0.1 at 2015-07-20 09:05:19 -0700


Started GET "/assets/turbolinks.self-c37727e9bd6b2735da5c311aa83fead54ed0be6cc8bd9a65309e9c5abe2cbfff.js?body=1" for 127.0.0.1 at 2015-07-20 09:05:19 -0700


Started GET "/assets/home_page.self-877aef30ae1b040ab8a3aba4e3e309a11d7f2612f44dde450b5c157aa5f95c05.js?body=1" for 127.0.0.1 at 2015-07-20 09:05:19 -0700


Started GET "/assets/animals.self-877aef30ae1b040ab8a3aba4e3e309a11d7f2612f44dde450b5c157aa5f95c05.js?body=1" for 127.0.0.1 at 2015-07-20 09:05:19 -0700


Started GET "/assets/bog_creature.self-877aef30ae1b040ab8a3aba4e3e309a11d7f2612f44dde450b5c157aa5f95c05.js?body=1" for 127.0.0.1 at 2015-07-20 09:05:19 -0700


Started GET "/assets/application.self-3b8dabdc891efe46b9a144b400ad69e37d7e5876bdc39dee783419a69d7ca819.js?body=1" for 127.0.0.1 at 2015-07-20 09:05:19 -0700


Started GET "/" for 127.0.0.1 at 2015-07-20 09:05:20 -0700
Processing by AnimalsController#index as HTML
  [1m[36mAnimal Load (0.2ms)[0m  [1mSELECT "animals".* FROM "animals"[0m
  Rendered animals/index.html.erb within layouts/application (1.3ms)
Completed 200 OK in 83ms (Views: 82.0ms | ActiveRecord: 0.2ms)


Started GET "/assets/animals.self-e003957f4ff74910508b6ada54b3d91e5895c282edb3e0c4fd8a15a8e55a5306.css?body=1" for 127.0.0.1 at 2015-07-20 09:05:20 -0700


Started GET "/assets/bog_creature.self-e3b0c44298fc1c149afbf4c8996fb92427ae41e4649b934ca495991b7852b855.css?body=1" for 127.0.0.1 at 2015-07-20 09:05:20 -0700


Started GET "/assets/home_page.self-e3b0c44298fc1c149afbf4c8996fb92427ae41e4649b934ca495991b7852b855.css?body=1" for 127.0.0.1 at 2015-07-20 09:05:20 -0700


Started GET "/assets/scaffolds.self-03bc4d2ed3d7cb520199ca95df25f0336243f1ef61b56ed7f738c81b79bd9766.css?body=1" for 127.0.0.1 at 2015-07-20 09:05:20 -0700


Started GET "/assets/jquery.self-d03a5518f45df77341bdbe6201ba3bfa547ebba8ed64f0ea56bfa5f96ea7c074.js?body=1" for 127.0.0.1 at 2015-07-20 09:05:20 -0700


Started GET "/assets/application.self-7191d69a219b23b95ca9c5d2cb22297ac788ee9eee06799e8e0b82765795180f.css?body=1" for 127.0.0.1 at 2015-07-20 09:05:20 -0700


Started GET "/assets/turbolinks.self-c37727e9bd6b2735da5c311aa83fead54ed0be6cc8bd9a65309e9c5abe2cbfff.js?body=1" for 127.0.0.1 at 2015-07-20 09:05:20 -0700


Started GET "/assets/jquery_ujs.self-ca5248a2fad13d6bd58ea121318d642f195f0b2dd818b30615f785ff365e8d1f.js?body=1" for 127.0.0.1 at 2015-07-20 09:05:20 -0700


Started GET "/assets/animals.self-877aef30ae1b040ab8a3aba4e3e309a11d7f2612f44dde450b5c157aa5f95c05.js?body=1" for 127.0.0.1 at 2015-07-20 09:05:20 -0700


Started GET "/assets/bog_creature.self-877aef30ae1b040ab8a3aba4e3e309a11d7f2612f44dde450b5c157aa5f95c05.js?body=1" for 127.0.0.1 at 2015-07-20 09:05:20 -0700


Started GET "/assets/application.self-3b8dabdc891efe46b9a144b400ad69e37d7e5876bdc39dee783419a69d7ca819.js?body=1" for 127.0.0.1 at 2015-07-20 09:05:20 -0700


Started GET "/assets/home_page.self-877aef30ae1b040ab8a3aba4e3e309a11d7f2612f44dde450b5c157aa5f95c05.js?body=1" for 127.0.0.1 at 2015-07-20 09:05:20 -0700


Started GET "/" for 127.0.0.1 at 2015-07-20 09:05:21 -0700
Processing by AnimalsController#index as HTML
  [1m[35mAnimal Load (3.0ms)[0m  SELECT "animals".* FROM "animals"
  Rendered animals/index.html.erb within layouts/application (4.2ms)
Completed 200 OK in 76ms (Views: 72.7ms | ActiveRecord: 3.0ms)


Started GET "/assets/animals.self-e003957f4ff74910508b6ada54b3d91e5895c282edb3e0c4fd8a15a8e55a5306.css?body=1" for 127.0.0.1 at 2015-07-20 09:05:21 -0700


Started GET "/assets/bog_creature.self-e3b0c44298fc1c149afbf4c8996fb92427ae41e4649b934ca495991b7852b855.css?body=1" for 127.0.0.1 at 2015-07-20 09:05:21 -0700


Started GET "/assets/home_page.self-e3b0c44298fc1c149afbf4c8996fb92427ae41e4649b934ca495991b7852b855.css?body=1" for 127.0.0.1 at 2015-07-20 09:05:21 -0700


Started GET "/assets/scaffolds.self-03bc4d2ed3d7cb520199ca95df25f0336243f1ef61b56ed7f738c81b79bd9766.css?body=1" for 127.0.0.1 at 2015-07-20 09:05:21 -0700


Started GET "/assets/jquery.self-d03a5518f45df77341bdbe6201ba3bfa547ebba8ed64f0ea56bfa5f96ea7c074.js?body=1" for 127.0.0.1 at 2015-07-20 09:05:21 -0700


Started GET "/assets/turbolinks.self-c37727e9bd6b2735da5c311aa83fead54ed0be6cc8bd9a65309e9c5abe2cbfff.js?body=1" for 127.0.0.1 at 2015-07-20 09:05:21 -0700


Started GET "/assets/jquery_ujs.self-ca5248a2fad13d6bd58ea121318d642f195f0b2dd818b30615f785ff365e8d1f.js?body=1" for 127.0.0.1 at 2015-07-20 09:05:21 -0700


Started GET "/assets/application.self-7191d69a219b23b95ca9c5d2cb22297ac788ee9eee06799e8e0b82765795180f.css?body=1" for 127.0.0.1 at 2015-07-20 09:05:21 -0700


Started GET "/assets/animals.self-877aef30ae1b040ab8a3aba4e3e309a11d7f2612f44dde450b5c157aa5f95c05.js?body=1" for 127.0.0.1 at 2015-07-20 09:05:21 -0700


Started GET "/assets/bog_creature.self-877aef30ae1b040ab8a3aba4e3e309a11d7f2612f44dde450b5c157aa5f95c05.js?body=1" for 127.0.0.1 at 2015-07-20 09:05:21 -0700


Started GET "/assets/home_page.self-877aef30ae1b040ab8a3aba4e3e309a11d7f2612f44dde450b5c157aa5f95c05.js?body=1" for 127.0.0.1 at 2015-07-20 09:05:21 -0700


Started GET "/assets/application.self-3b8dabdc891efe46b9a144b400ad69e37d7e5876bdc39dee783419a69d7ca819.js?body=1" for 127.0.0.1 at 2015-07-20 09:05:21 -0700


Started GET "/animals/new" for 127.0.0.1 at 2015-07-20 09:20:53 -0700
Processing by AnimalsController#new as HTML
  Rendered animals/_form.html.erb (1.7ms)
  Rendered animals/new.html.erb within layouts/application (4.6ms)
Completed 200 OK in 92ms (Views: 83.2ms | ActiveRecord: 3.1ms)


Started GET "/animals/new" for 127.0.0.1 at 2015-07-20 09:20:53 -0700
Processing by AnimalsController#new as HTML
  Rendered animals/_form.html.erb (2.3ms)
  Rendered animals/new.html.erb within layouts/application (16.7ms)
Completed 200 OK in 84ms (Views: 83.6ms | ActiveRecord: 0.0ms)


Started POST "/animals" for 127.0.0.1 at 2015-07-20 09:22:14 -0700
Processing by AnimalsController#create as HTML
  Parameters: {"utf8"=>"✓", "authenticity_token"=>"QM91riFqpFLQ7P9+HZ5UTyczmBu7s8ZjOMp9pgzmq3LQR10PGPqxUgEm/TuN186mxkEG4l2AMp0y/1T60WFskw==", "animal"=>{"name"=>"tiger", "description"=>"striped"}, "commit"=>"Create Animal"}
  [1m[36m (0.8ms)[0m  [1mBEGIN[0m
  [1m[35mSQL (2.4ms)[0m  INSERT INTO "animals" ("name", "description", "created_at", "updated_at") VALUES ($1, $2, $3, $4) RETURNING "id"  [["name", "tiger"], ["description", "striped"], ["created_at", "2015-07-20 16:22:14.824285"], ["updated_at", "2015-07-20 16:22:14.824285"]]
  [1m[36m (37.9ms)[0m  [1mCOMMIT[0m
Redirected to http://localhost:3000/animals/2
Completed 302 Found in 45ms (ActiveRecord: 41.1ms)


Started GET "/animals/2" for 127.0.0.1 at 2015-07-20 09:22:14 -0700
Processing by AnimalsController#show as HTML
  Parameters: {"id"=>"2"}
  [1m[35mAnimal Load (0.2ms)[0m  SELECT  "animals".* FROM "animals" WHERE "animals"."id" = $1 LIMIT 1  [["id", 2]]
  Rendered animals/show.html.erb within layouts/application (0.2ms)
Completed 200 OK in 76ms (Views: 74.3ms | ActiveRecord: 0.2ms)


Started GET "/animals" for 127.0.0.1 at 2015-07-20 09:22:21 -0700
Processing by AnimalsController#index as HTML
  [1m[36mAnimal Load (0.2ms)[0m  [1mSELECT "animals".* FROM "animals"[0m
  Rendered animals/index.html.erb within layouts/application (4.9ms)
Completed 200 OK in 75ms (Views: 74.1ms | ActiveRecord: 0.2ms)


Started GET "/animals/new" for 127.0.0.1 at 2015-07-20 09:22:23 -0700
Processing by AnimalsController#new as HTML
  Rendered animals/_form.html.erb (2.0ms)
  Rendered animals/new.html.erb within layouts/application (6.5ms)
Completed 200 OK in 92ms (Views: 90.5ms | ActiveRecord: 0.0ms)


Started POST "/animals" for 127.0.0.1 at 2015-07-20 09:24:06 -0700
Processing by AnimalsController#create as HTML
  Parameters: {"utf8"=>"✓", "authenticity_token"=>"qu/2jPlUklh11qCY+rcJvQ7cQ5UP5y18ugArfSJwBhg6Z94twMSHWKQcot1q/pNU767dbOnU2YKwNQIh//fB+Q==", "animal"=>{"name"=>"Lion", "description"=>"big roar"}, "commit"=>"Create Animal"}
  [1m[35m (4.9ms)[0m  BEGIN
  [1m[36mSQL (0.2ms)[0m  [1mINSERT INTO "animals" ("name", "description", "created_at", "updated_at") VALUES ($1, $2, $3, $4) RETURNING "id"[0m  [["name", "Lion"], ["description", "big roar"], ["created_at", "2015-07-20 16:24:06.992941"], ["updated_at", "2015-07-20 16:24:06.992941"]]
  [1m[35m (16.6ms)[0m  COMMIT
Redirected to http://localhost:3000/animals/3
Completed 302 Found in 25ms (ActiveRecord: 21.7ms)


Started GET "/animals/3" for 127.0.0.1 at 2015-07-20 09:24:07 -0700
Processing by AnimalsController#show as HTML
  Parameters: {"id"=>"3"}
  [1m[36mAnimal Load (0.9ms)[0m  [1mSELECT  "animals".* FROM "animals" WHERE "animals"."id" = $1 LIMIT 1[0m  [["id", 3]]
  Rendered animals/show.html.erb within layouts/application (0.4ms)
Completed 200 OK in 87ms (Views: 84.9ms | ActiveRecord: 0.9ms)


Started GET "/animals" for 127.0.0.1 at 2015-07-20 09:24:10 -0700
Processing by AnimalsController#index as HTML
  [1m[35mAnimal Load (0.2ms)[0m  SELECT "animals".* FROM "animals"
  Rendered animals/index.html.erb within layouts/application (1.9ms)
Completed 200 OK in 69ms (Views: 67.8ms | ActiveRecord: 0.2ms)


Started DELETE "/animals/2" for 127.0.0.1 at 2015-07-20 09:27:04 -0700
Processing by AnimalsController#destroy as HTML
  Parameters: {"authenticity_token"=>"GV3yGkJSRg/rjXAX6B15reVQo0kGkDfzbMNZmAzqZlyJ1dq7e8JTDzpHclJ4VONEBCI9sOCjww1m9nDE0W2hvQ==", "id"=>"2"}
  [1m[36mAnimal Load (2.2ms)[0m  [1mSELECT  "animals".* FROM "animals" WHERE "animals"."id" = $1 LIMIT 1[0m  [["id", 2]]
  [1m[35m (0.1ms)[0m  BEGIN
  [1m[36mSQL (0.1ms)[0m  [1mDELETE FROM "animals" WHERE "animals"."id" = $1[0m  [["id", 2]]
  [1m[35m (66.6ms)[0m  COMMIT
Redirected to http://localhost:3000/animals
Completed 302 Found in 74ms (ActiveRecord: 69.0ms)


Started GET "/animals" for 127.0.0.1 at 2015-07-20 09:27:05 -0700
Processing by AnimalsController#index as HTML
  [1m[36mAnimal Load (0.5ms)[0m  [1mSELECT "animals".* FROM "animals"[0m
  Rendered animals/index.html.erb within layouts/application (1.6ms)
Completed 200 OK in 77ms (Views: 76.5ms | ActiveRecord: 0.5ms)


Started GET "/animals/new" for 127.0.0.1 at 2015-07-20 09:27:06 -0700
Processing by AnimalsController#new as HTML
  Rendered animals/_form.html.erb (1.2ms)
  Rendered animals/new.html.erb within layouts/application (6.8ms)
Completed 200 OK in 69ms (Views: 68.5ms | ActiveRecord: 0.0ms)


Started POST "/animals" for 127.0.0.1 at 2015-07-20 09:27:21 -0700
Processing by AnimalsController#create as HTML
  Parameters: {"utf8"=>"✓", "authenticity_token"=>"eT9DJmhVkmTgcaNsZYorOe1gzZVrm1xlmgGxjf9M0m7pt2uHUcWHZDG7oSn1w7HQDBJTbI2oqJuQNJjRIssVjw==", "animal"=>{"name"=>"Human", "description"=>"\"The Man\""}, "commit"=>"Create Animal"}
  [1m[35m (0.0ms)[0m  BEGIN
  [1m[36mSQL (0.2ms)[0m  [1mINSERT INTO "animals" ("name", "description", "created_at", "updated_at") VALUES ($1, $2, $3, $4) RETURNING "id"[0m  [["name", "Human"], ["description", "\"The Man\""], ["created_at", "2015-07-20 16:27:21.413968"], ["updated_at", "2015-07-20 16:27:21.413968"]]
  [1m[35m (5.1ms)[0m  COMMIT
Redirected to http://localhost:3000/animals/4
Completed 302 Found in 9ms (ActiveRecord: 5.3ms)


Started GET "/animals/4" for 127.0.0.1 at 2015-07-20 09:27:21 -0700
Processing by AnimalsController#show as HTML
  Parameters: {"id"=>"4"}
  [1m[36mAnimal Load (1.8ms)[0m  [1mSELECT  "animals".* FROM "animals" WHERE "animals"."id" = $1 LIMIT 1[0m  [["id", 4]]
  Rendered animals/show.html.erb within layouts/application (1.5ms)
Completed 200 OK in 75ms (Views: 72.5ms | ActiveRecord: 1.8ms)


Started GET "/animals" for 127.0.0.1 at 2015-07-20 09:27:23 -0700
Processing by AnimalsController#index as HTML
  [1m[35mAnimal Load (0.2ms)[0m  SELECT "animals".* FROM "animals"
  Rendered animals/index.html.erb within layouts/application (2.0ms)
Completed 200 OK in 78ms (Views: 76.8ms | ActiveRecord: 0.2ms)


Started GET "/animals/new" for 127.0.0.1 at 2015-07-20 09:27:24 -0700
Processing by AnimalsController#new as HTML
  Rendered animals/_form.html.erb (1.5ms)
  Rendered animals/new.html.erb within layouts/application (9.6ms)
Completed 200 OK in 81ms (Views: 80.6ms | ActiveRecord: 0.0ms)


Started POST "/animals" for 127.0.0.1 at 2015-07-20 09:27:36 -0700
Processing by AnimalsController#create as HTML
  Parameters: {"utf8"=>"✓", "authenticity_token"=>"5/VMb1cQqwFJdfq90OnzkphubgExVIXmpRrHfwzdJ3B3fWTOboC+AZi/+PhAoGl7eRzw+NdncRivL+4j0VrgkQ==", "animal"=>{"name"=>"Dog", "description"=>"Furry"}, "commit"=>"Create Animal"}
  [1m[36m (1.1ms)[0m  [1mBEGIN[0m
  [1m[35mSQL (0.9ms)[0m  INSERT INTO "animals" ("name", "description", "created_at", "updated_at") VALUES ($1, $2, $3, $4) RETURNING "id"  [["name", "Dog"], ["description", "Furry"], ["created_at", "2015-07-20 16:27:36.541268"], ["updated_at", "2015-07-20 16:27:36.541268"]]
  [1m[36m (2.1ms)[0m  [1mCOMMIT[0m
Redirected to http://localhost:3000/animals/5
Completed 302 Found in 7ms (ActiveRecord: 4.1ms)


Started GET "/animals/5" for 127.0.0.1 at 2015-07-20 09:27:36 -0700
Processing by AnimalsController#show as HTML
  Parameters: {"id"=>"5"}
  [1m[35mAnimal Load (2.4ms)[0m  SELECT  "animals".* FROM "animals" WHERE "animals"."id" = $1 LIMIT 1  [["id", 5]]
  Rendered animals/show.html.erb within layouts/application (0.3ms)
Completed 200 OK in 71ms (Views: 66.9ms | ActiveRecord: 2.4ms)


Started GET "/animals" for 127.0.0.1 at 2015-07-20 09:27:39 -0700
Processing by AnimalsController#index as HTML
  [1m[36mAnimal Load (1.9ms)[0m  [1mSELECT "animals".* FROM "animals"[0m
  Rendered animals/index.html.erb within layouts/application (3.6ms)
Completed 200 OK in 65ms (Views: 63.0ms | ActiveRecord: 1.9ms)


Started GET "/animals/new" for 127.0.0.1 at 2015-07-20 09:27:41 -0700
Processing by AnimalsController#new as HTML
  Rendered animals/_form.html.erb (1.2ms)
  Rendered animals/new.html.erb within layouts/application (4.4ms)
Completed 200 OK in 75ms (Views: 74.7ms | ActiveRecord: 0.0ms)


Started POST "/animals" for 127.0.0.1 at 2015-07-20 09:27:50 -0700
Processing by AnimalsController#create as HTML
  Parameters: {"utf8"=>"✓", "authenticity_token"=>"b7Xn8aQzziDIINUev+ZX5PYQpZDk0H6dw5l/eZBqwXD/Pc9QnaPbIBnq11svr80NF2I7aQLjimPJrFYlTe0GkQ==", "animal"=>{"name"=>"Bird", "description"=>"Flighty"}, "commit"=>"Create Animal"}
  [1m[35m (0.1ms)[0m  BEGIN
  [1m[36mSQL (0.4ms)[0m  [1mINSERT INTO "animals" ("name", "description", "created_at", "updated_at") VALUES ($1, $2, $3, $4) RETURNING "id"[0m  [["name", "Bird"], ["description", "Flighty"], ["created_at", "2015-07-20 16:27:50.706837"], ["updated_at", "2015-07-20 16:27:50.706837"]]
  [1m[35m (12.7ms)[0m  COMMIT
Redirected to http://localhost:3000/animals/6
Completed 302 Found in 18ms (ActiveRecord: 13.2ms)


Started GET "/animals/6" for 127.0.0.1 at 2015-07-20 09:27:50 -0700
Processing by AnimalsController#show as HTML
  Parameters: {"id"=>"6"}
  [1m[36mAnimal Load (0.1ms)[0m  [1mSELECT  "animals".* FROM "animals" WHERE "animals"."id" = $1 LIMIT 1[0m  [["id", 6]]
  Rendered animals/show.html.erb within layouts/application (2.0ms)
Completed 200 OK in 75ms (Views: 74.2ms | ActiveRecord: 0.1ms)


Started GET "/animals" for 127.0.0.1 at 2015-07-20 09:27:53 -0700
Processing by AnimalsController#index as HTML
  [1m[35mAnimal Load (0.2ms)[0m  SELECT "animals".* FROM "animals"
  Rendered animals/index.html.erb within layouts/application (2.4ms)
Completed 200 OK in 75ms (Views: 74.5ms | ActiveRecord: 0.2ms)
